<?xml version="1.0" encoding="UTF-8"?>
<!-- Generated by org.testng.reporters.JUnitReportReporter -->
<testsuite hostname="mr_domala" failures="0" tests="1" name="pageobject.GiftCard" time="38.576" errors="0" timestamp="2021-11-20T11:12:48 IST" skipped="0">
  <testcase classname="pageobject.GiftCard" name="giftCard" time="38.576"/>
  <system-out/>
</testsuite> <!-- pageobject.GiftCard -->
