<?xml version="1.0" encoding="UTF-8"?>
<!-- Generated by org.testng.reporters.JUnitReportReporter -->
<testsuite hostname="LAPTOP-ULCVVG57" failures="0" tests="1" name="pageobject.SigninPage" time="14.867" errors="0" timestamp="2021-11-17T18:25:22 IST" skipped="0">
  <testcase classname="pageobject.SigninPage" name="SignIn" time="14.867"/>
  <system-out/>
</testsuite> <!-- pageobject.SigninPage -->
