<?xml version="1.0" encoding="UTF-8"?>
<!-- Generated by org.testng.reporters.JUnitReportReporter -->
<testsuite hostname="LAPTOP-ULCVVG57" failures="0" tests="1" name="pageobject.CorporateGifts" time="16.006" errors="0" timestamp="2021-11-17T13:15:10 IST" skipped="0">
  <testcase classname="pageobject.CorporateGifts" name="PersonalizedGift" time="16.006"/>
  <system-out/>
</testsuite> <!-- pageobject.CorporateGifts -->
