<?xml version="1.0" encoding="UTF-8"?>
<!-- Generated by org.testng.reporters.JUnitReportReporter -->
<testsuite hostname="LAPTOP-ULCVVG57" failures="0" tests="1" name="pageobject.CartHandling" time="34.789" errors="0" timestamp="2021-11-18T19:26:29 IST" skipped="0">
  <testcase classname="pageobject.CartHandling" name="logintest" time="34.789"/>
  <system-out/>
</testsuite> <!-- pageobject.CartHandling -->
