<?xml version="1.0" encoding="UTF-8"?>
<!-- Generated by org.testng.reporters.JUnitReportReporter -->
<testsuite hostname="LAPTOP-ULCVVG57" failures="0" tests="1" name="runner.WindowsSwitching" time="38.631" errors="0" timestamp="2021-11-17T17:33:13 IST" skipped="0">
  <testcase classname="runner.WindowsSwitching" name="windowtest" time="38.631"/>
  <system-out/>
</testsuite> <!-- runner.WindowsSwitching -->
