<?xml version="1.0" encoding="UTF-8"?>
<!-- Generated by org.testng.reporters.JUnitReportReporter -->
<testsuite hostname="LAPTOP-ULCVVG57" failures="0" tests="1" name="pageobject.Gifts" time="10.578" errors="0" timestamp="2021-11-18T13:37:09 IST" skipped="0">
  <testcase classname="pageobject.Gifts" name="GiftHover" time="10.578"/>
  <system-out/>
</testsuite> <!-- pageobject.Gifts -->
