<?xml version="1.0" encoding="UTF-8"?>
<!-- Generated by org.testng.reporters.JUnitReportReporter -->
<testsuite hostname="LAPTOP-ULCVVG57" failures="0" tests="1" name="pageobject.HomePage" time="17.473" errors="0" timestamp="2021-11-17T12:42:10 IST" skipped="0">
  <testcase classname="pageobject.HomePage" name="logintest" time="17.473"/>
  <system-out/>
</testsuite> <!-- pageobject.HomePage -->
