<?xml version="1.0" encoding="UTF-8"?>
<!-- Generated by org.testng.reporters.JUnitReportReporter -->
<testsuite hostname="LAPTOP-ULCVVG57" failures="0" tests="1" name="pageobject.MouseActions" time="22.429" errors="0" timestamp="2021-11-17T13:15:10 IST" skipped="0">
  <testcase classname="pageobject.MouseActions" name="logintest" time="22.429"/>
  <system-out/>
</testsuite> <!-- pageobject.MouseActions -->
