<?xml version="1.0" encoding="UTF-8"?>
<!-- Generated by org.testng.reporters.JUnitReportReporter -->
<testsuite hostname="LAPTOP-ULCVVG57" failures="0" tests="1" name="pageobject.SearchPage" time="15.510" errors="0" timestamp="2021-11-17T17:30:12 IST" skipped="0">
  <testcase classname="pageobject.SearchPage" name="SearchBar" time="15.510"/>
  <system-out/>
</testsuite> <!-- pageobject.SearchPage -->
