<?xml version="1.0" encoding="UTF-8"?>
<!-- Generated by org.testng.reporters.JUnitReportReporter -->
<testsuite hostname="LAPTOP-ULCVVG57" failures="0" tests="1" name="pageobject.TrackOrderPage" time="8.954" errors="0" timestamp="2021-11-18T13:43:36 IST" skipped="0">
  <testcase classname="pageobject.TrackOrderPage" name="logintest" time="8.954"/>
  <system-out/>
</testsuite> <!-- pageobject.TrackOrderPage -->
