<?xml version="1.0" encoding="UTF-8"?>
<!-- Generated by org.testng.reporters.JUnitReportReporter -->
<testsuite hostname="LAPTOP-ULCVVG57" failures="0" tests="1" name="pageobject.Top50" time="14.114" errors="0" timestamp="2021-11-17T17:07:07 IST" skipped="0">
  <testcase classname="pageobject.Top50" name="PersonalizedGift" time="14.114"/>
  <system-out/>
</testsuite> <!-- pageobject.Top50 -->
